#
# There is insufficient memory for the Java Runtime Environment to continue.
# Native memory allocation (malloc) failed to allocate 1314032 bytes. Error detail: Chunk::new
# Possible reasons:
#   The system is out of physical RAM or swap space
#   This process is running with CompressedOops enabled, and the Java Heap may be blocking the growth of the native heap
# Possible solutions:
#   Reduce memory load on the system
#   Increase physical memory or swap space
#   Check if swap backing store is full
#   Decrease Java heap size (-Xmx/-Xms)
#   Decrease number of Java threads
#   Decrease Java thread stack sizes (-Xss)
#   Set larger code cache with -XX:ReservedCodeCacheSize=
#   JVM is running with Unscaled Compressed Oops mode in which the Java heap is
#     placed in the first 4GB address space. The Java Heap base address is the
#     maximum limit for the native heap growth. Please use -XX:HeapBaseMinAddress
#     to set the Java Heap base and to place the Java Heap above 4GB virtual address.
# This output file may be truncated or incomplete.
#
#  Out of Memory Error (arena.cpp:191), pid=11720, tid=4112
#
# JRE version: OpenJDK Runtime Environment Temurin-17.0.12+7 (17.0.12+7) (build 17.0.12+7)
# Java VM: OpenJDK 64-Bit Server VM Temurin-17.0.12+7 (17.0.12+7, mixed mode, tiered, compressed oops, compressed class ptrs, parallel gc, windows-amd64)
# No core dump will be written. Minidumps are not enabled by default on client versions of Windows
#

---------------  S U M M A R Y ------------

Command Line: --add-modules=ALL-SYSTEM --add-opens=java.base/java.util=ALL-UNNAMED --add-opens=java.base/java.lang=ALL-UNNAMED --add-opens=java.base/sun.nio.fs=ALL-UNNAMED -Declipse.application=org.eclipse.jdt.ls.core.id1 -Dosgi.bundles.defaultStartLevel=4 -Declipse.product=org.eclipse.jdt.ls.core.product -Djava.import.generatesMetadataFilesAtProjectRoot=false -DDetectVMInstallationsJob.disabled=true -Dfile.encoding=utf8 -XX:+UseParallelGC -XX:GCTimeRatio=4 -XX:AdaptiveSizePolicyWeight=90 -Dsun.zip.disableMemoryMapping=true -Xmx1G -Xms100m -Xlog:disable -javaagent:c:\Users\Dell\.vscode\extensions\redhat.java-1.34.0-win32-x64\lombok\lombok-1.18.33.jar -XX:+HeapDumpOnOutOfMemoryError -XX:HeapDumpPath=c:\Users\Dell\AppData\Roaming\Code\User\workspaceStorage\57999b1651ec730c1a65bb6b41025f6f\redhat.java -Daether.dependencyCollector.impl=bf c:\Users\Dell\.vscode\extensions\redhat.java-1.34.0-win32-x64\server\plugins\org.eclipse.equinox.launcher_1.6.900.v20240613-2009.jar -configuration c:\Users\Dell\AppData\Roaming\Code\User\globalStorage\redhat.java\1.34.0\config_win -data c:\Users\Dell\AppData\Roaming\Code\User\workspaceStorage\57999b1651ec730c1a65bb6b41025f6f\redhat.java\jdt_ws --pipe=\\.\pipe\lsp-10ea6ee33f8255db70482ebf295b6629-sock

Host: Intel(R) Core(TM) i5-7200U CPU @ 2.50GHz, 4 cores, 3G,  Windows 11 , 64 bit Build 22000 (10.0.22000.2538)
Time: Sat Sep 14 13:00:38 2024 South Africa Standard Time elapsed time: 22.346665 seconds (0d 0h 0m 22s)

---------------  T H R E A D  ---------------

Current thread (0x0000022533bb5dc0):  JavaThread "C2 CompilerThread0" daemon [_thread_in_native, id=4112, stack(0x00000066d5900000,0x00000066d5a00000)]


Current CompileTask:
C2:  22346 9770       4       org.eclipse.jdt.internal.compiler.util.JrtFileSystem$2::visitFile (72 bytes)

Stack: [0x00000066d5900000,0x00000066d5a00000]
Native frames: (J=compiled Java code, j=interpreted, Vv=VM code, C=native code)
V  [jvm.dll+0x67f929]
V  [jvm.dll+0x8371ba]
V  [jvm.dll+0x838c7e]
V  [jvm.dll+0x8392e3]
V  [jvm.dll+0x24834f]
V  [jvm.dll+0xac9d4]
V  [jvm.dll+0xad01c]
V  [jvm.dll+0x3674a7]
V  [jvm.dll+0x33197a]
V  [jvm.dll+0x330e1a]
V  [jvm.dll+0x21a8b1]
V  [jvm.dll+0x219cf1]
V  [jvm.dll+0x1a58bd]
V  [jvm.dll+0x229a2d]
V  [jvm.dll+0x227bdc]
V  [jvm.dll+0x7ec1f7]
V  [jvm.dll+0x7e65dc]
V  [jvm.dll+0x67e7f7]
C  [ucrtbase.dll+0x26c0c]
C  [KERNEL32.DLL+0x153e0]
C  [ntdll.dll+0x485b]


---------------  P R O C E S S  ---------------

Threads class SMR info:
_java_thread_list=0x000002253cec9880, length=45, elements={
0x000002251fd4aab0, 0x000002251fe0ab20, 0x000002251fe0e0e0, 0x0000022533baff10,
0x0000022533bb0940, 0x0000022533bb38e0, 0x0000022533bb51c0, 0x0000022533bb5dc0,
0x0000022533beb600, 0x0000022533bee2d0, 0x0000022538ec3010, 0x0000022539064e10,
0x00000225399606d0, 0x0000022539a83060, 0x00000225397ff0b0, 0x0000022539b73710,
0x0000022539bc8650, 0x0000022539cfedf0, 0x0000022539cff300, 0x0000022539cfc570,
0x0000022539cfc060, 0x0000022539cfe3d0, 0x0000022539cfd4a0, 0x0000022539cfe8e0,
0x000002253ac6f300, 0x000002253ac6dec0, 0x000002253ac6f810, 0x000002253ac6c570,
0x000002253ac6c060, 0x000002253ac6e3d0, 0x000002253ac6ca80, 0x000002253ac6d4a0,
0x0000022539916030, 0x00000225399192d0, 0x0000022539916f60, 0x0000022539912880,
0x00000225399146e0, 0x0000022539917470, 0x0000022539916a50, 0x0000022539917980,
0x0000022539911e60, 0x0000022539918dc0, 0x00000225399137b0, 0x00000225399197e0,
0x0000022539912370
}
_to_delete_list=0x000002253b56e1b0
Skipping _to_delete_list fields and contents for safety.

Java Threads: ( => current thread )
  0x000002251fd4aab0 JavaThread "main" [_thread_blocked, id=2220, stack(0x00000066d5000000,0x00000066d5100000)]
  0x000002251fe0ab20 JavaThread "Reference Handler" daemon [_thread_blocked, id=12120, stack(0x00000066d5300000,0x00000066d5400000)]
  0x000002251fe0e0e0 JavaThread "Finalizer" daemon [_thread_blocked, id=4844, stack(0x00000066d5400000,0x00000066d5500000)]
  0x0000022533baff10 JavaThread "Signal Dispatcher" daemon [_thread_blocked, id=10352, stack(0x00000066d5500000,0x00000066d5600000)]
  0x0000022533bb0940 JavaThread "Attach Listener" daemon [_thread_blocked, id=7756, stack(0x00000066d5600000,0x00000066d5700000)]
  0x0000022533bb38e0 JavaThread "Service Thread" daemon [_thread_blocked, id=2396, stack(0x00000066d5700000,0x00000066d5800000)]
  0x0000022533bb51c0 JavaThread "Monitor Deflation Thread" daemon [_thread_blocked, id=11536, stack(0x00000066d5800000,0x00000066d5900000)]
=>0x0000022533bb5dc0 JavaThread "C2 CompilerThread0" daemon [_thread_in_native, id=4112, stack(0x00000066d5900000,0x00000066d5a00000)]
  0x0000022533beb600 JavaThread "C1 CompilerThread0" daemon [_thread_blocked, id=6236, stack(0x00000066d5a00000,0x00000066d5b00000)]
  0x0000022533bee2d0 JavaThread "Sweeper thread" daemon [_thread_blocked, id=7344, stack(0x00000066d5b00000,0x00000066d5c00000)]
  0x0000022538ec3010 JavaThread "Common-Cleaner" daemon [_thread_blocked, id=1296, stack(0x00000066d5c00000,0x00000066d5d00000)]
  0x0000022539064e10 JavaThread "Notification Thread" daemon [_thread_blocked, id=10988, stack(0x00000066d5d00000,0x00000066d5e00000)]
  0x00000225399606d0 JavaThread "Active Thread: Equinox Container: 5d002978-6a84-4bd1-a610-1899afcd35fd" [_thread_blocked, id=7124, stack(0x00000066d6300000,0x00000066d6400000)]
  0x0000022539a83060 JavaThread "Framework Event Dispatcher: Equinox Container: 5d002978-6a84-4bd1-a610-1899afcd35fd" daemon [_thread_blocked, id=9896, stack(0x00000066d6200000,0x00000066d6300000)]
  0x00000225397ff0b0 JavaThread "Start Level: Equinox Container: 5d002978-6a84-4bd1-a610-1899afcd35fd" daemon [_thread_blocked, id=7092, stack(0x00000066d6400000,0x00000066d6500000)]
  0x0000022539b73710 JavaThread "Bundle File Closer" daemon [_thread_blocked, id=10968, stack(0x00000066d6500000,0x00000066d6600000)]
  0x0000022539bc8650 JavaThread "SCR Component Actor" daemon [_thread_blocked, id=8800, stack(0x00000066d6700000,0x00000066d6800000)]
  0x0000022539cfedf0 JavaThread "Worker-JM" [_thread_blocked, id=10376, stack(0x00000066d6900000,0x00000066d6a00000)]
  0x0000022539cff300 JavaThread "Worker-0: Java indexing... " [_thread_blocked, id=10736, stack(0x00000066d6a00000,0x00000066d6b00000)]
  0x0000022539cfc570 JavaThread "Worker-1: Publish Diagnostics" [_thread_blocked, id=13260, stack(0x00000066d6b00000,0x00000066d6c00000)]
  0x0000022539cfc060 JavaThread "Worker-2: Loading available Gradle versions" [_thread_in_native, id=3336, stack(0x00000066d6c00000,0x00000066d6d00000)]
  0x0000022539cfe3d0 JavaThread "Worker-3: Initialize Workspace" [_thread_blocked, id=10688, stack(0x00000066d6d00000,0x00000066d6e00000)]
  0x0000022539cfd4a0 JavaThread "Java indexing" daemon [_thread_in_native, id=10004, stack(0x00000066d6e00000,0x00000066d6f00000)]
  0x0000022539cfe8e0 JavaThread "JNA Cleaner" daemon [_thread_blocked, id=10824, stack(0x00000066d6600000,0x00000066d6700000)]
  0x000002253ac6f300 JavaThread "Thread-2" daemon [_thread_in_native, id=8016, stack(0x00000066d6f00000,0x00000066d7000000)]
  0x000002253ac6dec0 JavaThread "Thread-3" daemon [_thread_in_native, id=6908, stack(0x00000066d7000000,0x00000066d7100000)]
  0x000002253ac6f810 JavaThread "Thread-4" daemon [_thread_in_native, id=4048, stack(0x00000066d7100000,0x00000066d7200000)]
  0x000002253ac6c570 JavaThread "Thread-5" daemon [_thread_in_native, id=12808, stack(0x00000066d7200000,0x00000066d7300000)]
  0x000002253ac6c060 JavaThread "Thread-6" daemon [_thread_in_native, id=4060, stack(0x00000066d7300000,0x00000066d7400000)]
  0x000002253ac6e3d0 JavaThread "pool-2-thread-1" [_thread_blocked, id=2000, stack(0x00000066d7400000,0x00000066d7500000)]
  0x000002253ac6ca80 JavaThread "WorkspaceEventsHandler" [_thread_blocked, id=10964, stack(0x00000066d7500000,0x00000066d7600000)]
  0x000002253ac6d4a0 JavaThread "pool-1-thread-1" [_thread_blocked, id=7216, stack(0x00000066d7600000,0x00000066d7700000)]
  0x0000022539916030 JavaThread "Worker-4" [_thread_blocked, id=10712, stack(0x00000066d7700000,0x00000066d7800000)]
  0x00000225399192d0 JavaThread "Worker-5: Initialize workspace" [_thread_blocked, id=6836, stack(0x00000066d7800000,0x00000066d7900000)]
  0x0000022539916f60 JavaThread "Worker-6" [_thread_blocked, id=9308, stack(0x00000066d7900000,0x00000066d7a00000)]
  0x0000022539912880 JavaThread "Worker-7: Building" [_thread_blocked, id=12864, stack(0x00000066d7a00000,0x00000066d7b00000)]
  0x00000225399146e0 JavaThread "Compiler Source File Reader" daemon [_thread_blocked, id=11480, stack(0x00000066d7b00000,0x00000066d7c00000)]
  0x0000022539917470 JavaThread "ForkJoinPool.commonPool-worker-1" daemon [_thread_blocked, id=10552, stack(0x00000066d7c00000,0x00000066d7d00000)]
  0x0000022539916a50 JavaThread "Compiler Processing Task" daemon [_thread_blocked, id=8328, stack(0x00000066d7d00000,0x00000066d7e00000)]
  0x0000022539917980 JavaThread "Compiler Source File Reader" daemon [_thread_blocked, id=12872, stack(0x00000066d7e00000,0x00000066d7f00000)]
  0x0000022539911e60 JavaThread "Worker-8" [_thread_blocked, id=1284, stack(0x00000066d7f00000,0x00000066d8000000)]
  0x0000022539918dc0 JavaThread "SCR Component Registry" daemon [_thread_blocked, id=7592, stack(0x00000066d8000000,0x00000066d8100000)]
  0x00000225399137b0 JavaThread "ForkJoinPool.commonPool-worker-2" daemon [_thread_blocked, id=7428, stack(0x00000066d8100000,0x00000066d8200000)]
  0x00000225399197e0 JavaThread "ForkJoinPool.commonPool-worker-3" daemon [_thread_blocked, id=1996, stack(0x00000066d8200000,0x00000066d8300000)]
  0x0000022539912370 JavaThread "Thread-8" daemon [_thread_blocked, id=5252, stack(0x00000066d8300000,0x00000066d8400000)]

Other Threads:
  0x0000022533b7c9a0 VMThread "VM Thread" [stack: 0x00000066d5200000,0x00000066d5300000] [id=8820]
  0x00000225390652f0 WatcherThread [stack: 0x00000066d5e00000,0x00000066d5f00000] [id=10492]
  0x000002251fd607f0 GCTaskThread "GC Thread#0" [stack: 0x00000066d5100000,0x00000066d5200000] [id=940]
  0x00000225399f4080 GCTaskThread "GC Thread#1" [stack: 0x00000066d5f00000,0x00000066d6000000] [id=11548]
  0x00000225396eec10 GCTaskThread "GC Thread#2" [stack: 0x00000066d6000000,0x00000066d6100000] [id=8324]
  0x00000225396eeed0 GCTaskThread "GC Thread#3" [stack: 0x00000066d6100000,0x00000066d6200000] [id=1568]

Threads with active compile tasks:
C2 CompilerThread0    22396 9770       4       org.eclipse.jdt.internal.compiler.util.JrtFileSystem$2::visitFile (72 bytes)

VM state: at safepoint (normal execution)

VM Mutex/Monitor currently owned by a thread:  ([mutex/lock_event])
[0x000002251fd46ee0] Threads_lock - owner thread: 0x0000022533b7c9a0
[0x000002251fd468b0] Heap_lock - owner thread: 0x00000225399192d0

Heap address: 0x00000000c0000000, size: 1024 MB, Compressed Oops mode: 32-bit

CDS archive(s) not mapped
Compressed class space mapped at: 0x0000000100000000-0x0000000140000000, reserved size: 1073741824
Narrow klass base: 0x0000000000000000, Narrow klass shift: 3, Narrow klass range: 0x140000000

GC Precious Log:
 CPUs: 4 total, 4 available
 Memory: 3961M
 Large Page Support: Disabled
 NUMA Support: Disabled
 Compressed Oops: Enabled (32-bit)
 Alignments: Space 512K, Generation 512K, Heap 2M
 Heap Min Capacity: 100M
 Heap Initial Capacity: 100M
 Heap Max Capacity: 1G
 Pre-touch: Disabled
 Parallel Workers: 4

Heap:
 PSYoungGen      total 21504K, used 817K [0x00000000eab00000, 0x00000000ec100000, 0x0000000100000000)
  eden space 20480K, 0% used [0x00000000eab00000,0x00000000eab00000,0x00000000ebf00000)
  from space 1024K, 79% used [0x00000000ec000000,0x00000000ec0cc730,0x00000000ec100000)
  to   space 1024K, 0% used [0x00000000ebf00000,0x00000000ebf00000,0x00000000ec000000)
 ParOldGen       total 68608K, used 60694K [0x00000000c0000000, 0x00000000c4300000, 0x00000000eab00000)
  object space 68608K, 88% used [0x00000000c0000000,0x00000000c3b45b40,0x00000000c4300000)
 Metaspace       used 73988K, committed 75264K, reserved 1179648K
  class space    used 7940K, committed 8512K, reserved 1048576K

Card table byte_map: [0x000002251f6f0000,0x000002251f900000] _byte_map_base: 0x000002251f0f0000

Marking Bits: (ParMarkBitMap*) 0x00007ff8a03058b0
 Begin Bits: [0x00000225319f0000, 0x00000225329f0000)
 End Bits:   [0x00000225329f0000, 0x00000225339f0000)

Polling page: 0x000002251dcf0000

Metaspace:

Usage:
  Non-class:     64.50 MB used.
      Class:      7.75 MB used.
       Both:     72.25 MB used.

Virtual space:
  Non-class space:      128.00 MB reserved,      65.19 MB ( 51%) committed,  2 nodes.
      Class space:        1.00 GB reserved,       8.31 MB ( <1%) committed,  1 nodes.
             Both:        1.12 GB reserved,      73.50 MB (  6%) committed. 

Chunk freelists:
   Non-Class:  14.16 MB
       Class:  7.51 MB
        Both:  21.66 MB

MaxMetaspaceSize: unlimited
CompressedClassSpaceSize: 1.00 GB
Initial GC threshold: 21.00 MB
Current GC threshold: 122.50 MB
CDS: off
MetaspaceReclaimPolicy: balanced
 - commit_granule_bytes: 65536.
 - commit_granule_words: 8192.
 - virtual_space_node_default_size: 8388608.
 - enlarge_chunks_in_place: 1.
 - new_chunks_are_fully_committed: 0.
 - uncommit_free_chunks: 1.
 - use_allocation_guard: 0.
 - handle_deallocations: 1.


Internal statistics:

num_allocs_failed_limit: 9.
num_arena_births: 862.
num_arena_deaths: 14.
num_vsnodes_births: 3.
num_vsnodes_deaths: 0.
num_space_committed: 1176.
num_space_uncommitted: 0.
num_chunks_returned_to_freelist: 23.
num_chunks_taken_from_freelist: 3856.
num_chunk_merges: 11.
num_chunk_splits: 2346.
num_chunks_enlarged: 1349.
num_inconsistent_stats: 0.

CodeHeap 'non-profiled nmethods': size=120000Kb used=3846Kb max_used=4083Kb free=116153Kb
 bounds [0x000002252a4c0000, 0x000002252a8c0000, 0x00000225319f0000]
CodeHeap 'profiled nmethods': size=120000Kb used=17699Kb max_used=19017Kb free=102300Kb
 bounds [0x00000225229f0000, 0x0000022523c90000, 0x0000022529f20000]
CodeHeap 'non-nmethods': size=5760Kb used=1402Kb max_used=1456Kb free=4357Kb
 bounds [0x0000022529f20000, 0x000002252a190000, 0x000002252a4c0000]
 total_blobs=9994 nmethods=9237 adapters=671
 compilation: enabled
              stopped_count=0, restarted_count=0
 full_count=0

Compilation events (20 events):
Event: 22.269 Thread 0x0000022533beb600 10628   !   2       org.eclipse.jdt.internal.core.Openable::generateInfos (175 bytes)
Event: 22.270 Thread 0x0000022533beb600 nmethod 10628 0x0000022522f09190 code [0x0000022522f09480, 0x0000022522f09d28]
Event: 22.271 Thread 0x0000022533beb600 10629       2       org.eclipse.jdt.internal.core.Openable::openAncestors (30 bytes)
Event: 22.272 Thread 0x0000022533beb600 nmethod 10629 0x0000022522b2c910 code [0x0000022522b2cae0, 0x0000022522b2cd48]
Event: 22.272 Thread 0x0000022533beb600 10630       2       org.eclipse.jdt.internal.core.util.LRUCache::spaceFor (19 bytes)
Event: 22.272 Thread 0x0000022533beb600 nmethod 10630 0x0000022522a7ee90 code [0x0000022522a7f040, 0x0000022522a7f248]
Event: 22.272 Thread 0x0000022533beb600 10631   !   2       org.eclipse.jdt.internal.core.OverflowingLRUCache::makeSpace (139 bytes)
Event: 22.273 Thread 0x0000022533beb600 nmethod 10631 0x0000022522b58790 code [0x0000022522b58960, 0x0000022522b58c68]
Event: 22.273 Thread 0x0000022533beb600 10632       2       org.eclipse.jdt.internal.core.util.LRUCache::privateAdd (20 bytes)
Event: 22.273 Thread 0x0000022533beb600 nmethod 10632 0x0000022522b49f10 code [0x0000022522b4a0a0, 0x0000022522b4a268]
Event: 22.273 Thread 0x0000022533beb600 10633       3       java.util.zip.InflaterInputStream::fill (60 bytes)
Event: 22.274 Thread 0x0000022533beb600 nmethod 10633 0x0000022522d8de90 code [0x0000022522d8e080, 0x0000022522d8e538]
Event: 22.288 Thread 0x0000022533beb600 10634       2       org.eclipse.jdt.internal.compiler.classfmt.MethodInfo::decodeMethodParameters (129 bytes)
Event: 22.289 Thread 0x0000022533beb600 nmethod 10634 0x0000022522b38210 code [0x0000022522b38420, 0x0000022522b38a68]
Event: 22.297 Thread 0x0000022533beb600 10635       3       sun.nio.fs.WindowsFileSystemProvider::readAttributes (63 bytes)
Event: 22.298 Thread 0x0000022533beb600 nmethod 10635 0x00000225229f8890 code [0x00000225229f8b00, 0x00000225229f95b8]
Event: 22.300 Thread 0x0000022533beb600 10636       2       java.lang.ThreadLocal::remove (18 bytes)
Event: 22.300 Thread 0x0000022533beb600 nmethod 10636 0x0000022522a0a410 code [0x0000022522a0a5c0, 0x0000022522a0a738]
Event: 22.301 Thread 0x0000022533beb600 10637       2       java.lang.ThreadLocal$ThreadLocalMap::remove (68 bytes)
Event: 22.302 Thread 0x0000022533beb600 nmethod 10637 0x0000022522c21e90 code [0x0000022522c22060, 0x0000022522c22308]

GC Heap History (20 events):
Event: 21.613 GC heap after
{Heap after GC invocations=54 (full 3):
 PSYoungGen      total 21504K, used 836K [0x00000000eab00000, 0x00000000ec100000, 0x0000000100000000)
  eden space 20480K, 0% used [0x00000000eab00000,0x00000000eab00000,0x00000000ebf00000)
  from space 1024K, 81% used [0x00000000ebf80000,0x00000000ec051238,0x00000000ec080000)
  to   space 512K, 0% used [0x00000000ec080000,0x00000000ec080000,0x00000000ec100000)
 ParOldGen       total 68608K, used 55008K [0x00000000c0000000, 0x00000000c4300000, 0x00000000eab00000)
  object space 68608K, 80% used [0x00000000c0000000,0x00000000c35b8280,0x00000000c4300000)
 Metaspace       used 72775K, committed 74048K, reserved 1179648K
  class space    used 7806K, committed 8384K, reserved 1048576K
}
Event: 21.707 GC heap before
{Heap before GC invocations=55 (full 3):
 PSYoungGen      total 21504K, used 21316K [0x00000000eab00000, 0x00000000ec100000, 0x0000000100000000)
  eden space 20480K, 100% used [0x00000000eab00000,0x00000000ebf00000,0x00000000ebf00000)
  from space 1024K, 81% used [0x00000000ebf80000,0x00000000ec051238,0x00000000ec080000)
  to   space 512K, 0% used [0x00000000ec080000,0x00000000ec080000,0x00000000ec100000)
 ParOldGen       total 68608K, used 55008K [0x00000000c0000000, 0x00000000c4300000, 0x00000000eab00000)
  object space 68608K, 80% used [0x00000000c0000000,0x00000000c35b8280,0x00000000c4300000)
 Metaspace       used 72928K, committed 74176K, reserved 1179648K
  class space    used 7832K, committed 8384K, reserved 1048576K
}
Event: 21.710 GC heap after
{Heap after GC invocations=55 (full 3):
 PSYoungGen      total 20992K, used 502K [0x00000000eab00000, 0x00000000ec200000, 0x0000000100000000)
  eden space 20480K, 0% used [0x00000000eab00000,0x00000000eab00000,0x00000000ebf00000)
  from space 512K, 98% used [0x00000000ec080000,0x00000000ec0fda68,0x00000000ec100000)
  to   space 1536K, 0% used [0x00000000ebf00000,0x00000000ebf00000,0x00000000ec080000)
 ParOldGen       total 68608K, used 55761K [0x00000000c0000000, 0x00000000c4300000, 0x00000000eab00000)
  object space 68608K, 81% used [0x00000000c0000000,0x00000000c3674710,0x00000000c4300000)
 Metaspace       used 72928K, committed 74176K, reserved 1179648K
  class space    used 7832K, committed 8384K, reserved 1048576K
}
Event: 21.799 GC heap before
{Heap before GC invocations=56 (full 3):
 PSYoungGen      total 20992K, used 20982K [0x00000000eab00000, 0x00000000ec200000, 0x0000000100000000)
  eden space 20480K, 100% used [0x00000000eab00000,0x00000000ebf00000,0x00000000ebf00000)
  from space 512K, 98% used [0x00000000ec080000,0x00000000ec0fda68,0x00000000ec100000)
  to   space 1536K, 0% used [0x00000000ebf00000,0x00000000ebf00000,0x00000000ec080000)
 ParOldGen       total 68608K, used 55761K [0x00000000c0000000, 0x00000000c4300000, 0x00000000eab00000)
  object space 68608K, 81% used [0x00000000c0000000,0x00000000c3674710,0x00000000c4300000)
 Metaspace       used 73515K, committed 74816K, reserved 1179648K
  class space    used 7906K, committed 8512K, reserved 1048576K
}
Event: 21.801 GC heap after
{Heap after GC invocations=56 (full 3):
 PSYoungGen      total 20992K, used 435K [0x00000000eab00000, 0x00000000ec100000, 0x0000000100000000)
  eden space 20480K, 0% used [0x00000000eab00000,0x00000000eab00000,0x00000000ebf00000)
  from space 512K, 85% used [0x00000000ebf00000,0x00000000ebf6cd00,0x00000000ebf80000)
  to   space 1024K, 0% used [0x00000000ec000000,0x00000000ec000000,0x00000000ec100000)
 ParOldGen       total 68608K, used 56110K [0x00000000c0000000, 0x00000000c4300000, 0x00000000eab00000)
  object space 68608K, 81% used [0x00000000c0000000,0x00000000c36cb860,0x00000000c4300000)
 Metaspace       used 73515K, committed 74816K, reserved 1179648K
  class space    used 7906K, committed 8512K, reserved 1048576K
}
Event: 21.861 GC heap before
{Heap before GC invocations=57 (full 3):
 PSYoungGen      total 20992K, used 20915K [0x00000000eab00000, 0x00000000ec100000, 0x0000000100000000)
  eden space 20480K, 100% used [0x00000000eab00000,0x00000000ebf00000,0x00000000ebf00000)
  from space 512K, 85% used [0x00000000ebf00000,0x00000000ebf6cd00,0x00000000ebf80000)
  to   space 1024K, 0% used [0x00000000ec000000,0x00000000ec000000,0x00000000ec100000)
 ParOldGen       total 68608K, used 56110K [0x00000000c0000000, 0x00000000c4300000, 0x00000000eab00000)
  object space 68608K, 81% used [0x00000000c0000000,0x00000000c36cb860,0x00000000c4300000)
 Metaspace       used 73570K, committed 74816K, reserved 1179648K
  class space    used 7912K, committed 8512K, reserved 1048576K
}
Event: 21.863 GC heap after
{Heap after GC invocations=57 (full 3):
 PSYoungGen      total 20992K, used 425K [0x00000000eab00000, 0x00000000ec080000, 0x0000000100000000)
  eden space 20480K, 0% used [0x00000000eab00000,0x00000000eab00000,0x00000000ebf00000)
  from space 512K, 83% used [0x00000000ec000000,0x00000000ec06a608,0x00000000ec080000)
  to   space 512K, 0% used [0x00000000ebf00000,0x00000000ebf00000,0x00000000ebf80000)
 ParOldGen       total 68608K, used 56421K [0x00000000c0000000, 0x00000000c4300000, 0x00000000eab00000)
  object space 68608K, 82% used [0x00000000c0000000,0x00000000c37197f8,0x00000000c4300000)
 Metaspace       used 73570K, committed 74816K, reserved 1179648K
  class space    used 7912K, committed 8512K, reserved 1048576K
}
Event: 21.993 GC heap before
{Heap before GC invocations=58 (full 3):
 PSYoungGen      total 20992K, used 20905K [0x00000000eab00000, 0x00000000ec080000, 0x0000000100000000)
  eden space 20480K, 100% used [0x00000000eab00000,0x00000000ebf00000,0x00000000ebf00000)
  from space 512K, 83% used [0x00000000ec000000,0x00000000ec06a608,0x00000000ec080000)
  to   space 512K, 0% used [0x00000000ebf00000,0x00000000ebf00000,0x00000000ebf80000)
 ParOldGen       total 68608K, used 56421K [0x00000000c0000000, 0x00000000c4300000, 0x00000000eab00000)
  object space 68608K, 82% used [0x00000000c0000000,0x00000000c37197f8,0x00000000c4300000)
 Metaspace       used 73931K, committed 75200K, reserved 1179648K
  class space    used 7935K, committed 8512K, reserved 1048576K
}
Event: 21.997 GC heap after
{Heap after GC invocations=58 (full 3):
 PSYoungGen      total 20992K, used 414K [0x00000000eab00000, 0x00000000ec080000, 0x0000000100000000)
  eden space 20480K, 0% used [0x00000000eab00000,0x00000000eab00000,0x00000000ebf00000)
  from space 512K, 81% used [0x00000000ebf00000,0x00000000ebf67b58,0x00000000ebf80000)
  to   space 512K, 0% used [0x00000000ec000000,0x00000000ec000000,0x00000000ec080000)
 ParOldGen       total 68608K, used 59392K [0x00000000c0000000, 0x00000000c4300000, 0x00000000eab00000)
  object space 68608K, 86% used [0x00000000c0000000,0x00000000c3a00308,0x00000000c4300000)
 Metaspace       used 73931K, committed 75200K, reserved 1179648K
  class space    used 7935K, committed 8512K, reserved 1048576K
}
Event: 22.021 GC heap before
{Heap before GC invocations=59 (full 3):
 PSYoungGen      total 20992K, used 20894K [0x00000000eab00000, 0x00000000ec080000, 0x0000000100000000)
  eden space 20480K, 100% used [0x00000000eab00000,0x00000000ebf00000,0x00000000ebf00000)
  from space 512K, 81% used [0x00000000ebf00000,0x00000000ebf67b58,0x00000000ebf80000)
  to   space 512K, 0% used [0x00000000ec000000,0x00000000ec000000,0x00000000ec080000)
 ParOldGen       total 68608K, used 59392K [0x00000000c0000000, 0x00000000c4300000, 0x00000000eab00000)
  object space 68608K, 86% used [0x00000000c0000000,0x00000000c3a00308,0x00000000c4300000)
 Metaspace       used 73937K, committed 75200K, reserved 1179648K
  class space    used 7936K, committed 8512K, reserved 1048576K
}
Event: 22.023 GC heap after
{Heap after GC invocations=59 (full 3):
 PSYoungGen      total 20992K, used 494K [0x00000000eab00000, 0x00000000ec100000, 0x0000000100000000)
  eden space 20480K, 0% used [0x00000000eab00000,0x00000000eab00000,0x00000000ebf00000)
  from space 512K, 96% used [0x00000000ec000000,0x00000000ec07b838,0x00000000ec080000)
  to   space 1024K, 0% used [0x00000000ebf00000,0x00000000ebf00000,0x00000000ec000000)
 ParOldGen       total 68608K, used 59796K [0x00000000c0000000, 0x00000000c4300000, 0x00000000eab00000)
  object space 68608K, 87% used [0x00000000c0000000,0x00000000c3a652e8,0x00000000c4300000)
 Metaspace       used 73937K, committed 75200K, reserved 1179648K
  class space    used 7936K, committed 8512K, reserved 1048576K
}
Event: 22.083 GC heap before
{Heap before GC invocations=60 (full 3):
 PSYoungGen      total 20992K, used 20974K [0x00000000eab00000, 0x00000000ec100000, 0x0000000100000000)
  eden space 20480K, 100% used [0x00000000eab00000,0x00000000ebf00000,0x00000000ebf00000)
  from space 512K, 96% used [0x00000000ec000000,0x00000000ec07b838,0x00000000ec080000)
  to   space 1024K, 0% used [0x00000000ebf00000,0x00000000ebf00000,0x00000000ec000000)
 ParOldGen       total 68608K, used 59796K [0x00000000c0000000, 0x00000000c4300000, 0x00000000eab00000)
  object space 68608K, 87% used [0x00000000c0000000,0x00000000c3a652e8,0x00000000c4300000)
 Metaspace       used 73952K, committed 75200K, reserved 1179648K
  class space    used 7938K, committed 8512K, reserved 1048576K
}
Event: 22.085 GC heap after
{Heap after GC invocations=60 (full 3):
 PSYoungGen      total 21504K, used 608K [0x00000000eab00000, 0x00000000ec100000, 0x0000000100000000)
  eden space 20480K, 0% used [0x00000000eab00000,0x00000000eab00000,0x00000000ebf00000)
  from space 1024K, 59% used [0x00000000ebf00000,0x00000000ebf98000,0x00000000ec000000)
  to   space 1024K, 0% used [0x00000000ec000000,0x00000000ec000000,0x00000000ec100000)
 ParOldGen       total 68608K, used 61462K [0x00000000c0000000, 0x00000000c4300000, 0x00000000eab00000)
  object space 68608K, 89% used [0x00000000c0000000,0x00000000c3c05a88,0x00000000c4300000)
 Metaspace       used 73952K, committed 75200K, reserved 1179648K
  class space    used 7938K, committed 8512K, reserved 1048576K
}
Event: 22.116 GC heap before
{Heap before GC invocations=61 (full 3):
 PSYoungGen      total 21504K, used 21088K [0x00000000eab00000, 0x00000000ec100000, 0x0000000100000000)
  eden space 20480K, 100% used [0x00000000eab00000,0x00000000ebf00000,0x00000000ebf00000)
  from space 1024K, 59% used [0x00000000ebf00000,0x00000000ebf98000,0x00000000ec000000)
  to   space 1024K, 0% used [0x00000000ec000000,0x00000000ec000000,0x00000000ec100000)
 ParOldGen       total 68608K, used 61462K [0x00000000c0000000, 0x00000000c4300000, 0x00000000eab00000)
  object space 68608K, 89% used [0x00000000c0000000,0x00000000c3c05a88,0x00000000c4300000)
 Metaspace       used 73982K, committed 75264K, reserved 1179648K
  class space    used 7940K, committed 8512K, reserved 1048576K
}
Event: 22.122 GC heap after
{Heap after GC invocations=61 (full 3):
 PSYoungGen      total 21504K, used 524K [0x00000000eab00000, 0x00000000ec100000, 0x0000000100000000)
  eden space 20480K, 0% used [0x00000000eab00000,0x00000000eab00000,0x00000000ebf00000)
  from space 1024K, 51% used [0x00000000ec000000,0x00000000ec083198,0x00000000ec100000)
  to   space 1024K, 0% used [0x00000000ebf00000,0x00000000ebf00000,0x00000000ec000000)
 ParOldGen       total 68608K, used 65444K [0x00000000c0000000, 0x00000000c4300000, 0x00000000eab00000)
  object space 68608K, 95% used [0x00000000c0000000,0x00000000c3fe9298,0x00000000c4300000)
 Metaspace       used 73982K, committed 75264K, reserved 1179648K
  class space    used 7940K, committed 8512K, reserved 1048576K
}
Event: 22.123 GC heap before
{Heap before GC invocations=62 (full 4):
 PSYoungGen      total 21504K, used 524K [0x00000000eab00000, 0x00000000ec100000, 0x0000000100000000)
  eden space 20480K, 0% used [0x00000000eab00000,0x00000000eab00000,0x00000000ebf00000)
  from space 1024K, 51% used [0x00000000ec000000,0x00000000ec083198,0x00000000ec100000)
  to   space 1024K, 0% used [0x00000000ebf00000,0x00000000ebf00000,0x00000000ec000000)
 ParOldGen       total 68608K, used 65444K [0x00000000c0000000, 0x00000000c4300000, 0x00000000eab00000)
  object space 68608K, 95% used [0x00000000c0000000,0x00000000c3fe9298,0x00000000c4300000)
 Metaspace       used 73982K, committed 75264K, reserved 1179648K
  class space    used 7940K, committed 8512K, reserved 1048576K
}
Event: 22.261 GC heap after
{Heap after GC invocations=62 (full 4):
 PSYoungGen      total 21504K, used 0K [0x00000000eab00000, 0x00000000ec100000, 0x0000000100000000)
  eden space 20480K, 0% used [0x00000000eab00000,0x00000000eab00000,0x00000000ebf00000)
  from space 1024K, 0% used [0x00000000ebf00000,0x00000000ebf00000,0x00000000ec000000)
  to   space 1024K, 0% used [0x00000000ec000000,0x00000000ec000000,0x00000000ec100000)
 ParOldGen       total 68608K, used 53034K [0x00000000c0000000, 0x00000000c4300000, 0x00000000eab00000)
  object space 68608K, 77% used [0x00000000c0000000,0x00000000c33cab30,0x00000000c4300000)
 Metaspace       used 73982K, committed 75264K, reserved 1179648K
  class space    used 7940K, committed 8512K, reserved 1048576K
}
Event: 22.304 GC heap before
{Heap before GC invocations=63 (full 4):
 PSYoungGen      total 21504K, used 20480K [0x00000000eab00000, 0x00000000ec100000, 0x0000000100000000)
  eden space 20480K, 100% used [0x00000000eab00000,0x00000000ebf00000,0x00000000ebf00000)
  from space 1024K, 0% used [0x00000000ebf00000,0x00000000ebf00000,0x00000000ec000000)
  to   space 1024K, 0% used [0x00000000ec000000,0x00000000ec000000,0x00000000ec100000)
 ParOldGen       total 68608K, used 53034K [0x00000000c0000000, 0x00000000c4300000, 0x00000000eab00000)
  object space 68608K, 77% used [0x00000000c0000000,0x00000000c33cab30,0x00000000c4300000)
 Metaspace       used 73988K, committed 75264K, reserved 1179648K
  class space    used 7940K, committed 8512K, reserved 1048576K
}
Event: 22.312 GC heap after
{Heap after GC invocations=63 (full 4):
 PSYoungGen      total 21504K, used 817K [0x00000000eab00000, 0x00000000ec100000, 0x0000000100000000)
  eden space 20480K, 0% used [0x00000000eab00000,0x00000000eab00000,0x00000000ebf00000)
  from space 1024K, 79% used [0x00000000ec000000,0x00000000ec0cc730,0x00000000ec100000)
  to   space 1024K, 0% used [0x00000000ebf00000,0x00000000ebf00000,0x00000000ec000000)
 ParOldGen       total 68608K, used 60694K [0x00000000c0000000, 0x00000000c4300000, 0x00000000eab00000)
  object space 68608K, 88% used [0x00000000c0000000,0x00000000c3b45b40,0x00000000c4300000)
 Metaspace       used 73988K, committed 75264K, reserved 1179648K
  class space    used 7940K, committed 8512K, reserved 1048576K
}
Event: 22.312 GC heap before
{Heap before GC invocations=64 (full 5):
 PSYoungGen      total 21504K, used 817K [0x00000000eab00000, 0x00000000ec100000, 0x0000000100000000)
  eden space 20480K, 0% used [0x00000000eab00000,0x00000000eab00000,0x00000000ebf00000)
  from space 1024K, 79% used [0x00000000ec000000,0x00000000ec0cc730,0x00000000ec100000)
  to   space 1024K, 0% used [0x00000000ebf00000,0x00000000ebf00000,0x00000000ec000000)
 ParOldGen       total 68608K, used 60694K [0x00000000c0000000, 0x00000000c4300000, 0x00000000eab00000)
  object space 68608K, 88% used [0x00000000c0000000,0x00000000c3b45b40,0x00000000c4300000)
 Metaspace       used 73988K, committed 75264K, reserved 1179648K
  class space    used 7940K, committed 8512K, reserved 1048576K
}

Dll operation events (14 events):
Event: 0.012 Loaded shared library c:\Users\Dell\.vscode\extensions\redhat.java-1.34.0-win32-x64\jre\17.0.12-win32-x86_64\bin\java.dll
Event: 0.442 Loaded shared library c:\Users\Dell\.vscode\extensions\redhat.java-1.34.0-win32-x64\jre\17.0.12-win32-x86_64\bin\zip.dll
Event: 0.446 Loaded shared library C:\Users\Dell\.vscode\extensions\redhat.java-1.34.0-win32-x64\jre\17.0.12-win32-x86_64\bin\instrument.dll
Event: 0.467 Loaded shared library C:\Users\Dell\.vscode\extensions\redhat.java-1.34.0-win32-x64\jre\17.0.12-win32-x86_64\bin\net.dll
Event: 0.494 Loaded shared library C:\Users\Dell\.vscode\extensions\redhat.java-1.34.0-win32-x64\jre\17.0.12-win32-x86_64\bin\nio.dll
Event: 0.503 Loaded shared library C:\Users\Dell\.vscode\extensions\redhat.java-1.34.0-win32-x64\jre\17.0.12-win32-x86_64\bin\zip.dll
Event: 0.524 Loaded shared library C:\Users\Dell\.vscode\extensions\redhat.java-1.34.0-win32-x64\jre\17.0.12-win32-x86_64\bin\jimage.dll
Event: 0.681 Loaded shared library c:\Users\Dell\.vscode\extensions\redhat.java-1.34.0-win32-x64\jre\17.0.12-win32-x86_64\bin\verify.dll
Event: 4.095 Loaded shared library C:\Users\Dell\AppData\Roaming\Code\User\globalStorage\redhat.java\1.34.0\config_win\org.eclipse.equinox.launcher\org.eclipse.equinox.launcher.win32.win32.x86_64_1.2.1100.v20240722-2106\eclipse_11904.dll
Event: 9.308 Loaded shared library C:\Users\Dell\.vscode\extensions\redhat.java-1.34.0-win32-x64\jre\17.0.12-win32-x86_64\bin\management.dll
Event: 9.314 Loaded shared library C:\Users\Dell\.vscode\extensions\redhat.java-1.34.0-win32-x64\jre\17.0.12-win32-x86_64\bin\management_ext.dll
Event: 10.791 Loaded shared library C:\Users\Dell\AppData\Local\Temp\jna-2126305\jna1064652397703712439.dll
Event: 12.057 Loaded shared library C:\Users\Dell\.vscode\extensions\redhat.java-1.34.0-win32-x64\jre\17.0.12-win32-x86_64\bin\sunmscapi.dll
Event: 12.129 Loaded shared library C:\Users\Dell\.vscode\extensions\redhat.java-1.34.0-win32-x64\jre\17.0.12-win32-x86_64\bin\extnet.dll

Deoptimization events (20 events):
Event: 21.646 Thread 0x0000022539cfc060 Uncommon trap: trap_request=0xffffff6e fr.pc=0x000002252a5ec328 relative=0x0000000000000188
Event: 21.646 Thread 0x0000022539cfc060 Uncommon trap: reason=loop_limit_check action=maybe_recompile pc=0x000002252a5ec328 method=java.lang.StringLatin1.lastIndexOf([BII)I @ 19 c2
Event: 21.646 Thread 0x0000022539cfc060 DEOPT PACKING pc=0x000002252a5ec328 sp=0x00000066d6cfe320
Event: 21.646 Thread 0x0000022539cfc060 DEOPT UNPACKING pc=0x0000022529f766a3 sp=0x00000066d6cfe248 mode 2
Event: 21.831 Thread 0x0000022539cfc570 DEOPT PACKING pc=0x000002252382603f sp=0x00000066d6bfe4f0
Event: 21.831 Thread 0x0000022539cfc570 DEOPT UNPACKING pc=0x0000022529f76e43 sp=0x00000066d6bfda80 mode 0
Event: 21.839 Thread 0x0000022539cfc570 DEOPT PACKING pc=0x000002252362c39f sp=0x00000066d6bfe110
Event: 21.839 Thread 0x0000022539cfc570 DEOPT UNPACKING pc=0x0000022529f76e43 sp=0x00000066d6bfd690 mode 0
Event: 21.927 Thread 0x00000225399192d0 DEOPT PACKING pc=0x000002252380c590 sp=0x00000066d78fdea0
Event: 21.927 Thread 0x00000225399192d0 DEOPT UNPACKING pc=0x0000022529f76e43 sp=0x00000066d78fd3a8 mode 0
Event: 22.046 Thread 0x0000022539912370 DEOPT PACKING pc=0x0000022523c6af23 sp=0x00000066d83fed80
Event: 22.050 Thread 0x0000022539912370 DEOPT UNPACKING pc=0x0000022529f76e43 sp=0x00000066d83fe298 mode 0
Event: 22.050 Thread 0x0000022539912370 Uncommon trap: trap_request=0xffffff45 fr.pc=0x000002252a8bc12c relative=0x000000000000058c
Event: 22.050 Thread 0x0000022539912370 Uncommon trap: reason=unstable_if action=reinterpret pc=0x000002252a8bc12c method=com.sun.crypto.provider.CipherBlockChaining.implDecrypt([BII[BI)I @ 8 c2
Event: 22.050 Thread 0x0000022539912370 DEOPT PACKING pc=0x000002252a8bc12c sp=0x00000066d83fedc0
Event: 22.050 Thread 0x0000022539912370 DEOPT UNPACKING pc=0x0000022529f766a3 sp=0x00000066d83fed98 mode 2
Event: 22.106 Thread 0x0000022539cfc570 Uncommon trap: trap_request=0xffffff45 fr.pc=0x000002252a8945b4 relative=0x0000000000000674
Event: 22.106 Thread 0x0000022539cfc570 Uncommon trap: reason=unstable_if action=reinterpret pc=0x000002252a8945b4 method=org.eclipse.jdt.internal.core.util.HashtableOfArrayToObject.get([Ljava/lang/Object;)Ljava/lang/Object; @ 64 c2
Event: 22.106 Thread 0x0000022539cfc570 DEOPT PACKING pc=0x000002252a8945b4 sp=0x00000066d6bfea80
Event: 22.106 Thread 0x0000022539cfc570 DEOPT UNPACKING pc=0x0000022529f766a3 sp=0x00000066d6bfea40 mode 2

Classes loaded (20 events):
Event: 21.767 Loading class javax/crypto/spec/GCMParameterSpec
Event: 21.767 Loading class javax/crypto/spec/GCMParameterSpec done
Event: 21.767 Loading class javax/crypto/NullCipher
Event: 21.767 Loading class javax/crypto/NullCipher done
Event: 21.767 Loading class com/sun/crypto/provider/GaloisCounterMode$GCMEncrypt
Event: 21.769 Loading class com/sun/crypto/provider/GaloisCounterMode$GCMEngine
Event: 21.769 Loading class com/sun/crypto/provider/GaloisCounterMode$GCMEngine done
Event: 21.769 Loading class com/sun/crypto/provider/GaloisCounterMode$GCMEncrypt done
Event: 21.769 Loading class com/sun/crypto/provider/GCTR
Event: 21.769 Loading class com/sun/crypto/provider/GCM
Event: 21.769 Loading class com/sun/crypto/provider/GCM done
Event: 21.769 Loading class com/sun/crypto/provider/CounterMode
Event: 21.770 Loading class com/sun/crypto/provider/CounterMode done
Event: 21.770 Loading class com/sun/crypto/provider/GCTR done
Event: 21.770 Loading class com/sun/crypto/provider/GHASH
Event: 21.771 Loading class com/sun/crypto/provider/GHASH done
Event: 21.771 Loading class com/sun/crypto/provider/GaloisCounterMode$GCTRGHASH
Event: 21.771 Loading class com/sun/crypto/provider/GaloisCounterMode$GCTRGHASH done
Event: 22.096 Loading class java/util/zip/CheckedInputStream
Event: 22.096 Loading class java/util/zip/CheckedInputStream done

Classes unloaded (7 events):
Event: 8.833 Thread 0x0000022533b7c9a0 Unloading class 0x0000000100250400 'java/lang/invoke/LambdaForm$MH+0x0000000100250400'
Event: 8.833 Thread 0x0000022533b7c9a0 Unloading class 0x0000000100250000 'java/lang/invoke/LambdaForm$MH+0x0000000100250000'
Event: 8.833 Thread 0x0000022533b7c9a0 Unloading class 0x000000010024fc00 'java/lang/invoke/LambdaForm$MH+0x000000010024fc00'
Event: 8.833 Thread 0x0000022533b7c9a0 Unloading class 0x000000010024f800 'java/lang/invoke/LambdaForm$MH+0x000000010024f800'
Event: 8.833 Thread 0x0000022533b7c9a0 Unloading class 0x000000010024f400 'java/lang/invoke/LambdaForm$BMH+0x000000010024f400'
Event: 8.833 Thread 0x0000022533b7c9a0 Unloading class 0x000000010024f000 'java/lang/invoke/LambdaForm$DMH+0x000000010024f000'
Event: 8.833 Thread 0x0000022533b7c9a0 Unloading class 0x000000010024c400 'java/lang/invoke/LambdaForm$DMH+0x000000010024c400'

Classes redefined (0 events):
No events

Internal exceptions (20 events):
Event: 19.558 Thread 0x0000022539916a50 Exception <a 'java/lang/NoSuchMethodError'{0x00000000ebd15df0}: 'int java.lang.invoke.DirectMethodHandle$Holder.invokeStatic(java.lang.Object, int, java.lang.Object)'> (0x00000000ebd15df0) 
thrown [s\src\hotspot\share\interpreter\linkResolver.cpp, line 759]
Event: 19.712 Thread 0x0000022539916f60 Exception <a 'java/lang/NoSuchMethodError'{0x00000000eae913c8}: 'java.lang.Object java.lang.invoke.DirectMethodHandle$Holder.invokeSpecial(java.lang.Object, java.lang.Object, int, long)'> (0x00000000eae913c8) 
thrown [s\src\hotspot\share\interpreter\linkResolver.cpp, line 759]
Event: 19.787 Thread 0x0000022539916030 Exception <a 'sun/nio/fs/WindowsException'{0x00000000eb60a050}> (0x00000000eb60a050) 
thrown [s\src\hotspot\share\prims\jni.cpp, line 516]
Event: 19.787 Thread 0x0000022539916030 Exception <a 'sun/nio/fs/WindowsException'{0x00000000eb60a688}> (0x00000000eb60a688) 
thrown [s\src\hotspot\share\prims\jni.cpp, line 516]
Event: 19.795 Thread 0x0000022539916030 Exception <a 'java/lang/NoSuchMethodError'{0x00000000eb729118}: 'java.lang.Object java.lang.invoke.DirectMethodHandle$Holder.newInvokeSpecial(java.lang.Object, java.lang.Object, int, java.lang.Object, java.lang.Object)'> (0x00000000eb729118) 
thrown [s\src\hotspot\share\interpreter\linkResolver.cpp, line 759]
Event: 19.798 Thread 0x0000022539916030 Exception <a 'java/lang/NoSuchMethodError'{0x00000000eb740e60}: 'java.lang.Object java.lang.invoke.DirectMethodHandle$Holder.invokeSpecial(java.lang.Object, java.lang.Object, java.lang.Object, int, java.lang.Object, java.lang.Object, java.lang.Object)'> (0x00000000eb740e60) 
thrown [s\src\hotspot\share\interpreter\linkResolver.cpp, line 759]
Event: 20.121 Thread 0x0000022539916030 Implicit null exception at 0x000002252a7a3310 to 0x000002252a7a4cac
Event: 20.690 Thread 0x0000022539916030 Exception <a 'sun/nio/fs/WindowsException'{0x00000000eafc9410}> (0x00000000eafc9410) 
thrown [s\src\hotspot\share\prims\jni.cpp, line 516]
Event: 20.690 Thread 0x0000022539916030 Exception <a 'sun/nio/fs/WindowsException'{0x00000000eafc9cf0}> (0x00000000eafc9cf0) 
thrown [s\src\hotspot\share\prims\jni.cpp, line 516]
Event: 20.699 Thread 0x0000022539916030 Exception <a 'java/lang/NoSuchMethodError'{0x00000000eb1e9130}: 'java.lang.Object java.lang.invoke.DirectMethodHandle$Holder.invokeStatic(java.lang.Object, java.lang.Object, int, java.lang.Object)'> (0x00000000eb1e9130) 
thrown [s\src\hotspot\share\interpreter\linkResolver.cpp, line 759]
Event: 20.888 Thread 0x00000225399192d0 Exception <a 'sun/nio/fs/WindowsException'{0x00000000eba811a8}> (0x00000000eba811a8) 
thrown [s\src\hotspot\share\prims\jni.cpp, line 516]
Event: 20.889 Thread 0x00000225399192d0 Exception <a 'sun/nio/fs/WindowsException'{0x00000000eba817e0}> (0x00000000eba817e0) 
thrown [s\src\hotspot\share\prims\jni.cpp, line 516]
Event: 20.889 Thread 0x00000225399192d0 Exception <a 'sun/nio/fs/WindowsException'{0x00000000eba827e8}> (0x00000000eba827e8) 
thrown [s\src\hotspot\share\prims\jni.cpp, line 516]
Event: 20.889 Thread 0x00000225399192d0 Exception <a 'sun/nio/fs/WindowsException'{0x00000000eba82e20}> (0x00000000eba82e20) 
thrown [s\src\hotspot\share\prims\jni.cpp, line 516]
Event: 20.895 Thread 0x00000225399192d0 Exception <a 'java/io/FileNotFoundException'{0x00000000eba99c58}> (0x00000000eba99c58) 
thrown [s\src\hotspot\share\prims\jni.cpp, line 516]
Event: 20.895 Thread 0x00000225399192d0 Exception <a 'java/io/FileNotFoundException'{0x00000000eba9a9c0}> (0x00000000eba9a9c0) 
thrown [s\src\hotspot\share\prims\jni.cpp, line 516]
Event: 20.901 Thread 0x00000225399192d0 Exception <a 'sun/nio/fs/WindowsException'{0x00000000ebad4308}> (0x00000000ebad4308) 
thrown [s\src\hotspot\share\prims\jni.cpp, line 516]
Event: 20.901 Thread 0x00000225399192d0 Exception <a 'sun/nio/fs/WindowsException'{0x00000000ebad4940}> (0x00000000ebad4940) 
thrown [s\src\hotspot\share\prims\jni.cpp, line 516]
Event: 20.984 Thread 0x00000225399192d0 Exception <a 'sun/nio/fs/WindowsException'{0x00000000ebb437f8}> (0x00000000ebb437f8) 
thrown [s\src\hotspot\share\prims\jni.cpp, line 516]
Event: 20.984 Thread 0x00000225399192d0 Exception <a 'sun/nio/fs/WindowsException'{0x00000000ebb440d8}> (0x00000000ebb440d8) 
thrown [s\src\hotspot\share\prims\jni.cpp, line 516]

VM Operations (20 events):
Event: 21.614 Executing VM operation: ParallelGCFailedAllocation done
Event: 21.699 Executing VM operation: ParallelGCFailedAllocation
Event: 21.711 Executing VM operation: ParallelGCFailedAllocation done
Event: 21.795 Executing VM operation: ParallelGCFailedAllocation
Event: 21.802 Executing VM operation: ParallelGCFailedAllocation done
Event: 21.851 Executing VM operation: ParallelGCFailedAllocation
Event: 21.869 Executing VM operation: ParallelGCFailedAllocation done
Event: 21.993 Executing VM operation: ParallelGCFailedAllocation
Event: 21.997 Executing VM operation: ParallelGCFailedAllocation done
Event: 21.998 Executing VM operation: HandshakeAllThreads
Event: 22.004 Executing VM operation: HandshakeAllThreads done
Event: 22.020 Executing VM operation: ParallelGCFailedAllocation
Event: 22.027 Executing VM operation: ParallelGCFailedAllocation done
Event: 22.050 Executing VM operation: HandshakeAllThreads
Event: 22.063 Executing VM operation: HandshakeAllThreads done
Event: 22.082 Executing VM operation: ParallelGCFailedAllocation
Event: 22.096 Executing VM operation: ParallelGCFailedAllocation done
Event: 22.116 Executing VM operation: ParallelGCFailedAllocation
Event: 22.288 Executing VM operation: ParallelGCFailedAllocation done
Event: 22.304 Executing VM operation: ParallelGCFailedAllocation

Events (20 events):
Event: 22.081 Thread 0x0000022533bee2d0 flushing nmethod 0x000002252366bb90
Event: 22.081 Thread 0x0000022533bee2d0 flushing nmethod 0x000002252366d410
Event: 22.081 Thread 0x0000022533bee2d0 flushing nmethod 0x00000225236b0890
Event: 22.081 Thread 0x0000022533bee2d0 flushing nmethod 0x00000225236b8190
Event: 22.081 Thread 0x0000022533bee2d0 flushing nmethod 0x00000225236e2990
Event: 22.081 Thread 0x0000022533bee2d0 flushing nmethod 0x00000225236e4890
Event: 22.082 Thread 0x0000022533bee2d0 flushing nmethod 0x0000022523763590
Event: 22.082 Thread 0x0000022533bee2d0 flushing nmethod 0x0000022523765590
Event: 22.082 Thread 0x0000022533bee2d0 flushing nmethod 0x0000022523766610
Event: 22.082 Thread 0x0000022533bee2d0 flushing nmethod 0x0000022523769490
Event: 22.082 Thread 0x0000022533bee2d0 flushing nmethod 0x0000022523769b10
Event: 22.082 Thread 0x0000022533bee2d0 flushing nmethod 0x000002252376a290
Event: 22.082 Thread 0x0000022533bee2d0 flushing nmethod 0x0000022523783a90
Event: 22.082 Thread 0x0000022533bee2d0 flushing nmethod 0x00000225237ac710
Event: 22.086 Thread 0x0000022533bee2d0 flushing nmethod 0x0000022523815c10
Event: 22.086 Thread 0x0000022533bee2d0 flushing nmethod 0x0000022523817390
Event: 22.086 Thread 0x0000022533bee2d0 flushing nmethod 0x0000022523818410
Event: 22.086 Thread 0x0000022533bee2d0 flushing nmethod 0x000002252381b190
Event: 22.086 Thread 0x0000022533bee2d0 flushing nmethod 0x000002252381b790
Event: 22.086 Thread 0x0000022533bee2d0 flushing nmethod 0x000002252381bc10


Dynamic libraries:
0x00007ff760450000 - 0x00007ff76045e000 	c:\Users\Dell\.vscode\extensions\redhat.java-1.34.0-win32-x64\jre\17.0.12-win32-x86_64\bin\java.exe
0x00007ff8d1d40000 - 0x00007ff8d1f49000 	C:\Windows\SYSTEM32\ntdll.dll
0x00007ff8d03d0000 - 0x00007ff8d048d000 	C:\Windows\System32\KERNEL32.DLL
0x00007ff8cf710000 - 0x00007ff8cfa94000 	C:\Windows\System32\KERNELBASE.dll
0x00007ff8cf490000 - 0x00007ff8cf5a1000 	C:\Windows\System32\ucrtbase.dll
0x00007ff8aec70000 - 0x00007ff8aec87000 	c:\Users\Dell\.vscode\extensions\redhat.java-1.34.0-win32-x64\jre\17.0.12-win32-x86_64\bin\jli.dll
0x00007ff8d1460000 - 0x00007ff8d160d000 	C:\Windows\System32\USER32.dll
0x00007ff8cf1d0000 - 0x00007ff8cf1f6000 	C:\Windows\System32\win32u.dll
0x00007ff8d0870000 - 0x00007ff8d089a000 	C:\Windows\System32\GDI32.dll
0x00007ff8cf200000 - 0x00007ff8cf31e000 	C:\Windows\System32\gdi32full.dll
0x00007ff8cf670000 - 0x00007ff8cf70d000 	C:\Windows\System32\msvcp_win.dll
0x00007ff8aec50000 - 0x00007ff8aec6b000 	c:\Users\Dell\.vscode\extensions\redhat.java-1.34.0-win32-x64\jre\17.0.12-win32-x86_64\bin\VCRUNTIME140.dll
0x00007ff8b6d60000 - 0x00007ff8b7005000 	C:\Windows\WinSxS\amd64_microsoft.windows.common-controls_6595b64144ccf1df_6.0.22000.120_none_9d947278b86cc467\COMCTL32.dll
0x00007ff8d1620000 - 0x00007ff8d16c3000 	C:\Windows\System32\msvcrt.dll
0x00007ff8d0820000 - 0x00007ff8d0851000 	C:\Windows\System32\IMM32.DLL
0x00007ff8bca30000 - 0x00007ff8bca3c000 	c:\Users\Dell\.vscode\extensions\redhat.java-1.34.0-win32-x64\jre\17.0.12-win32-x86_64\bin\vcruntime140_1.dll
0x00007ff8a03d0000 - 0x00007ff8a045d000 	c:\Users\Dell\.vscode\extensions\redhat.java-1.34.0-win32-x64\jre\17.0.12-win32-x86_64\bin\msvcp140.dll
0x00007ff89f760000 - 0x00007ff8a03ca000 	c:\Users\Dell\.vscode\extensions\redhat.java-1.34.0-win32-x64\jre\17.0.12-win32-x86_64\bin\server\jvm.dll
0x00007ff8d0a30000 - 0x00007ff8d0ade000 	C:\Windows\System32\ADVAPI32.dll
0x00007ff8d1330000 - 0x00007ff8d13ce000 	C:\Windows\System32\sechost.dll
0x00007ff8cfea0000 - 0x00007ff8cffc1000 	C:\Windows\System32\RPCRT4.dll
0x00007ff8d08a0000 - 0x00007ff8d090f000 	C:\Windows\System32\WS2_32.dll
0x00007ff8cf0a0000 - 0x00007ff8cf0ed000 	C:\Windows\SYSTEM32\POWRPROF.dll
0x00007ff8c9b30000 - 0x00007ff8c9b63000 	C:\Windows\SYSTEM32\WINMM.dll
0x00007ff8c9ad0000 - 0x00007ff8c9ada000 	C:\Windows\SYSTEM32\VERSION.dll
0x00007ff8cf080000 - 0x00007ff8cf093000 	C:\Windows\SYSTEM32\UMPDC.dll
0x00007ff8ce240000 - 0x00007ff8ce258000 	C:\Windows\SYSTEM32\kernel.appcore.dll
0x00007ff8bae50000 - 0x00007ff8bae5a000 	c:\Users\Dell\.vscode\extensions\redhat.java-1.34.0-win32-x64\jre\17.0.12-win32-x86_64\bin\jimage.dll
0x00007ff8ccbe0000 - 0x00007ff8cce01000 	C:\Windows\SYSTEM32\DBGHELP.DLL
0x00007ff8b87b0000 - 0x00007ff8b87e1000 	C:\Windows\SYSTEM32\dbgcore.DLL
0x00007ff8cfaa0000 - 0x00007ff8cfb1f000 	C:\Windows\System32\bcryptPrimitives.dll
0x00007ff8baad0000 - 0x00007ff8baade000 	c:\Users\Dell\.vscode\extensions\redhat.java-1.34.0-win32-x64\jre\17.0.12-win32-x86_64\bin\instrument.dll
0x00007ff8a6ce0000 - 0x00007ff8a6d05000 	c:\Users\Dell\.vscode\extensions\redhat.java-1.34.0-win32-x64\jre\17.0.12-win32-x86_64\bin\java.dll
0x00007ff8aec30000 - 0x00007ff8aec48000 	c:\Users\Dell\.vscode\extensions\redhat.java-1.34.0-win32-x64\jre\17.0.12-win32-x86_64\bin\zip.dll
0x00007ff8d0ae0000 - 0x00007ff8d12a5000 	C:\Windows\System32\SHELL32.dll
0x00007ff8cd2a0000 - 0x00007ff8cdb02000 	C:\Windows\SYSTEM32\windows.storage.dll
0x00007ff8d0050000 - 0x00007ff8d03c6000 	C:\Windows\System32\combase.dll
0x00007ff8cd130000 - 0x00007ff8cd297000 	C:\Windows\SYSTEM32\wintypes.dll
0x00007ff8d04f0000 - 0x00007ff8d05da000 	C:\Windows\System32\SHCORE.dll
0x00007ff8d0490000 - 0x00007ff8d04ed000 	C:\Windows\System32\shlwapi.dll
0x00007ff8cf100000 - 0x00007ff8cf125000 	C:\Windows\SYSTEM32\profapi.dll
0x00007ff8aebd0000 - 0x00007ff8aebe9000 	C:\Users\Dell\.vscode\extensions\redhat.java-1.34.0-win32-x64\jre\17.0.12-win32-x86_64\bin\net.dll
0x00007ff8c9f10000 - 0x00007ff8ca024000 	C:\Windows\SYSTEM32\WINHTTP.dll
0x00007ff8ce6f0000 - 0x00007ff8ce757000 	C:\Windows\system32\mswsock.dll
0x00007ff8ae8b0000 - 0x00007ff8ae8c6000 	C:\Users\Dell\.vscode\extensions\redhat.java-1.34.0-win32-x64\jre\17.0.12-win32-x86_64\bin\nio.dll
0x00007ff8ba0b0000 - 0x00007ff8ba0c0000 	c:\Users\Dell\.vscode\extensions\redhat.java-1.34.0-win32-x64\jre\17.0.12-win32-x86_64\bin\verify.dll
0x00007ff89f6c0000 - 0x00007ff89f705000 	C:\Users\Dell\AppData\Roaming\Code\User\globalStorage\redhat.java\1.34.0\config_win\org.eclipse.equinox.launcher\org.eclipse.equinox.launcher.win32.win32.x86_64_1.2.1100.v20240722-2106\eclipse_11904.dll
0x00007ff8cfb90000 - 0x00007ff8cfd2a000 	C:\Windows\System32\ole32.dll
0x00007ff8ce940000 - 0x00007ff8ce958000 	C:\Windows\SYSTEM32\CRYPTSP.dll
0x00007ff8ce1a0000 - 0x00007ff8ce1d5000 	C:\Windows\system32\rsaenh.dll
0x00007ff8ce7e0000 - 0x00007ff8ce80c000 	C:\Windows\SYSTEM32\USERENV.dll
0x00007ff8ceab0000 - 0x00007ff8cead7000 	C:\Windows\SYSTEM32\bcrypt.dll
0x00007ff8ce930000 - 0x00007ff8ce93c000 	C:\Windows\SYSTEM32\CRYPTBASE.dll
0x00007ff8cdd60000 - 0x00007ff8cdd8d000 	C:\Windows\SYSTEM32\IPHLPAPI.DLL
0x00007ff8d0860000 - 0x00007ff8d0869000 	C:\Windows\System32\NSI.dll
0x00007ff8c9c60000 - 0x00007ff8c9c79000 	C:\Windows\SYSTEM32\dhcpcsvc6.DLL
0x00007ff8ca470000 - 0x00007ff8ca48e000 	C:\Windows\SYSTEM32\dhcpcsvc.DLL
0x00007ff8cddd0000 - 0x00007ff8cdeb7000 	C:\Windows\SYSTEM32\DNSAPI.dll
0x00007ff8b9f60000 - 0x00007ff8b9f69000 	C:\Users\Dell\.vscode\extensions\redhat.java-1.34.0-win32-x64\jre\17.0.12-win32-x86_64\bin\management.dll
0x00007ff8b9ba0000 - 0x00007ff8b9bab000 	C:\Users\Dell\.vscode\extensions\redhat.java-1.34.0-win32-x64\jre\17.0.12-win32-x86_64\bin\management_ext.dll
0x00007ff8d1610000 - 0x00007ff8d1618000 	C:\Windows\System32\PSAPI.DLL
0x00007ff89f580000 - 0x00007ff89f5c5000 	C:\Users\Dell\AppData\Local\Temp\jna-2126305\jna1064652397703712439.dll
0x00007ff8b16d0000 - 0x00007ff8b16de000 	C:\Users\Dell\.vscode\extensions\redhat.java-1.34.0-win32-x64\jre\17.0.12-win32-x86_64\bin\sunmscapi.dll
0x00007ff8cf320000 - 0x00007ff8cf482000 	C:\Windows\System32\CRYPT32.dll
0x00007ff8cea80000 - 0x00007ff8ceaa8000 	C:\Windows\SYSTEM32\ncrypt.dll
0x00007ff8cea40000 - 0x00007ff8cea77000 	C:\Windows\SYSTEM32\NTASN1.dll
0x00007ff8c7690000 - 0x00007ff8c769a000 	C:\Windows\System32\rasadhlp.dll
0x00007ff8c6810000 - 0x00007ff8c6891000 	C:\Windows\System32\fwpuclnt.dll
0x00007ff8a9000000 - 0x00007ff8a9009000 	C:\Users\Dell\.vscode\extensions\redhat.java-1.34.0-win32-x64\jre\17.0.12-win32-x86_64\bin\extnet.dll

dbghelp: loaded successfully - version: 4.0.5 - missing functions: none
symbol engine: initialized successfully - sym options: 0x614 - pdb path: .;c:\Users\Dell\.vscode\extensions\redhat.java-1.34.0-win32-x64\jre\17.0.12-win32-x86_64\bin;C:\Windows\SYSTEM32;C:\Windows\WinSxS\amd64_microsoft.windows.common-controls_6595b64144ccf1df_6.0.22000.120_none_9d947278b86cc467;c:\Users\Dell\.vscode\extensions\redhat.java-1.34.0-win32-x64\jre\17.0.12-win32-x86_64\bin\server;C:\Users\Dell\AppData\Roaming\Code\User\globalStorage\redhat.java\1.34.0\config_win\org.eclipse.equinox.launcher\org.eclipse.equinox.launcher.win32.win32.x86_64_1.2.1100.v20240722-2106;C:\Users\Dell\AppData\Local\Temp\jna-2126305

VM Arguments:
jvm_args: --add-modules=ALL-SYSTEM --add-opens=java.base/java.util=ALL-UNNAMED --add-opens=java.base/java.lang=ALL-UNNAMED --add-opens=java.base/sun.nio.fs=ALL-UNNAMED -Declipse.application=org.eclipse.jdt.ls.core.id1 -Dosgi.bundles.defaultStartLevel=4 -Declipse.product=org.eclipse.jdt.ls.core.product -Djava.import.generatesMetadataFilesAtProjectRoot=false -DDetectVMInstallationsJob.disabled=true -Dfile.encoding=utf8 -XX:+UseParallelGC -XX:GCTimeRatio=4 -XX:AdaptiveSizePolicyWeight=90 -Dsun.zip.disableMemoryMapping=true -Xmx1G -Xms100m -Xlog:disable -javaagent:c:\Users\Dell\.vscode\extensions\redhat.java-1.34.0-win32-x64\lombok\lombok-1.18.33.jar -XX:+HeapDumpOnOutOfMemoryError -XX:HeapDumpPath=c:\Users\Dell\AppData\Roaming\Code\User\workspaceStorage\57999b1651ec730c1a65bb6b41025f6f\redhat.java -Daether.dependencyCollector.impl=bf 
java_command: c:\Users\Dell\.vscode\extensions\redhat.java-1.34.0-win32-x64\server\plugins\org.eclipse.equinox.launcher_1.6.900.v20240613-2009.jar -configuration c:\Users\Dell\AppData\Roaming\Code\User\globalStorage\redhat.java\1.34.0\config_win -data c:\Users\Dell\AppData\Roaming\Code\User\workspaceStorage\57999b1651ec730c1a65bb6b41025f6f\redhat.java\jdt_ws --pipe=\\.\pipe\lsp-10ea6ee33f8255db70482ebf295b6629-sock
java_class_path (initial): c:\Users\Dell\.vscode\extensions\redhat.java-1.34.0-win32-x64\server\plugins\org.eclipse.equinox.launcher_1.6.900.v20240613-2009.jar
Launcher Type: SUN_STANDARD

[Global flags]
    uintx AdaptiveSizePolicyWeight                 = 90                                        {product} {command line}
     intx CICompilerCount                          = 3                                         {product} {ergonomic}
    uintx GCTimeRatio                              = 4                                         {product} {command line}
     bool HeapDumpOnOutOfMemoryError               = true                                   {manageable} {command line}
    ccstr HeapDumpPath                             = c:\Users\Dell\AppData\Roaming\Code\User\workspaceStorage\57999b1651ec730c1a65bb6b41025f6f\redhat.java         {manageable} {command line}
   size_t InitialHeapSize                          = 104857600                                 {product} {command line}
   size_t MaxHeapSize                              = 1073741824                                {product} {command line}
   size_t MaxNewSize                               = 357564416                                 {product} {ergonomic}
   size_t MinHeapDeltaBytes                        = 524288                                    {product} {ergonomic}
   size_t MinHeapSize                              = 104857600                                 {product} {command line}
   size_t NewSize                                  = 34603008                                  {product} {ergonomic}
    uintx NonNMethodCodeHeapSize                   = 5832780                                {pd product} {ergonomic}
    uintx NonProfiledCodeHeapSize                  = 122912730                              {pd product} {ergonomic}
   size_t OldSize                                  = 70254592                                  {product} {ergonomic}
    uintx ProfiledCodeHeapSize                     = 122912730                              {pd product} {ergonomic}
    uintx ReservedCodeCacheSize                    = 251658240                              {pd product} {ergonomic}
     bool SegmentedCodeCache                       = true                                      {product} {ergonomic}
   size_t SoftMaxHeapSize                          = 1073741824                             {manageable} {ergonomic}
     bool UseCompressedClassPointers               = true                           {product lp64_product} {ergonomic}
     bool UseCompressedOops                        = true                           {product lp64_product} {ergonomic}
     bool UseLargePagesIndividualAllocation        = false                                  {pd product} {ergonomic}
     bool UseParallelGC                            = true                                      {product} {command line}

Logging:
Log output configuration:
 #0: stdout all=off uptime,level,tags
 #1: stderr all=off uptime,level,tags

Environment Variables:
JAVA_HOME=C:\Program Files\Java\jdk-22
PATH=C:\Program Files\Common Files\Oracle\Java\javapath;C:\Windows\system32;C:\Windows;C:\Windows\System32\Wbem;C:\Windows\System32\WindowsPowerShell\v1.0\;C:\Windows\System32\OpenSSH\;C:\Program Files\Git\cmd;C:\Program Files\nodejs\;C:\xampp\php;C:\ProgramData\ComposerSetup\bin;C:\Program Files\Apache\apache-maven-3.9.8\bin;C:\Program Files\Java\jdk-22\bin;C:\Users\Dell\AppData\Local\Microsoft\WindowsApps;C:\Users\Dell\AppData\Local\Programs\Microsoft VS Code\bin;C:\Users\Dell\AppData\Roaming\npm;C:\Users\Dell\AppData\Roaming\Composer\vendor\bin
USERNAME=Dell
OS=Windows_NT
PROCESSOR_IDENTIFIER=Intel64 Family 6 Model 142 Stepping 9, GenuineIntel
TMP=C:\Users\Dell\AppData\Local\Temp
TEMP=C:\Users\Dell\AppData\Local\Temp



Periodic native trim disabled


---------------  S Y S T E M  ---------------

OS:
 Windows 11 , 64 bit Build 22000 (10.0.22000.2538)
OS uptime: 0 days 2:20 hours

CPU: total 4 (initial active 4) (2 cores per cpu, 2 threads per core) family 6 model 142 stepping 9 microcode 0xea, cx8, cmov, fxsr, ht, mmx, 3dnowpref, sse, sse2, sse3, ssse3, sse4.1, sse4.2, popcnt, lzcnt, tsc, tscinvbit, avx, avx2, aes, erms, clmul, bmi1, bmi2, adx, fma, vzeroupper, clflush, clflushopt
Processor Information for all 4 processors :
  Max Mhz: 2701, Current Mhz: 2701, Mhz Limit: 2701

Memory: 4k page, system-wide physical 3961M (248M free)
TotalPageFile size 16249M (AvailPageFile size 5M)
current process WorkingSet (physical memory assigned to process): 272M, peak: 272M
current process commit charge ("private bytes"): 308M, peak: 922M

vm_info: OpenJDK 64-Bit Server VM (17.0.12+7) for windows-amd64 JRE (17.0.12+7), built on Jul 16 2024 22:08:24 by "admin" with MS VC++ 16.10 / 16.11 (VS2019)

END.
